<?xml version="1.0" encoding="UTF-8"?>
<!-- Generated by org.testng.reporters.JUnitReportReporter -->
<testsuite skipped="0" hostname="MySystem" name="com.spicejet.qa.testcases.ElectronicsTest" tests="1" failures="0" timestamp="04 Jun 2019 07:56:41 GMT" time="20.714" errors="0">
  <testcase name="login" time="20.714" classname="com.spicejet.qa.testcases.ElectronicsTest"/>
</testsuite> <!-- com.spicejet.qa.testcases.ElectronicsTest -->
