<?xml version="1.0" encoding="UTF-8"?>
<!-- Generated by org.testng.reporters.JUnitReportReporter -->
<testsuite skipped="0" hostname="MySystem" name="com.spicejet.qa.testcases.SportTest" tests="1" failures="0" timestamp="04 Jun 2019 09:44:14 GMT" time="43.711" errors="0">
  <testcase name="log" time="43.711" classname="com.spicejet.qa.testcases.SportTest"/>
</testsuite> <!-- com.spicejet.qa.testcases.SportTest -->
