<?xml version="1.0" encoding="UTF-8"?>
<!-- Generated by org.testng.reporters.JUnitReportReporter -->
<testsuite skipped="0" hostname="MySystem" name="com.spicejet.testdata.MensTest" tests="1" failures="0" timestamp="04 Jun 2019 06:46:47 GMT" time="27.663" errors="0">
  <testcase name="close1" time="27.663" classname="com.spicejet.testdata.MensTest"/>
</testsuite> <!-- com.spicejet.testdata.MensTest -->
