<?xml version="1.0" encoding="UTF-8"?>
<!-- Generated by org.testng.reporters.JUnitReportReporter -->
<testsuite skipped="0" hostname="MySystem" name="com.spicejet.testdata.ElectronicsTest" tests="1" failures="0" timestamp="03 Jun 2019 14:30:59 GMT" time="41.736" errors="0">
  <testcase name="login" time="41.736" classname="com.spicejet.testdata.ElectronicsTest"/>
</testsuite> <!-- com.spicejet.testdata.ElectronicsTest -->
