<?xml version="1.0" encoding="UTF-8"?>
<!-- Generated by org.testng.reporters.JUnitReportReporter -->
<testsuite skipped="0" hostname="MySystem" name="com.spicejet.qa.testcases.SportTest" tests="1" failures="0" timestamp="05 Jun 2019 05:36:02 GMT" time="34.184" errors="0">
  <testcase name="log" time="34.184" classname="com.spicejet.qa.testcases.SportTest"/>
</testsuite> <!-- com.spicejet.qa.testcases.SportTest -->
