<?xml version="1.0" encoding="UTF-8"?>
<!-- Generated by org.testng.reporters.JUnitReportReporter -->
<testsuite skipped="0" hostname="MySystem" name="com.spicejet.testdata.Logintest" tests="1" failures="0" timestamp="03 Jun 2019 08:21:04 GMT" time="22.810" errors="0">
  <testcase name="loginpage" time="22.810" classname="com.spicejet.testdata.Logintest"/>
</testsuite> <!-- com.spicejet.testdata.Logintest -->
