<?xml version="1.0" encoding="UTF-8"?>
<!-- Generated by org.testng.reporters.JUnitReportReporter -->
<testsuite skipped="0" hostname="MySystem" name="com.spicejet.qa.testcases.Logintest" tests="1" failures="0" timestamp="04 Jun 2019 07:55:16 GMT" time="23.635" errors="0">
  <testcase name="loginpage" time="23.635" classname="com.spicejet.qa.testcases.Logintest"/>
</testsuite> <!-- com.spicejet.qa.testcases.Logintest -->
